<?xml version="1.0" encoding="UTF-8"?>
<!-- Generated by org.testng.reporters.JUnitReportReporter -->
<testsuite hostname="admins-MBP" failures="0" tests="1" name="runner.chekAPIutil" time="1.630" errors="0" timestamp="19 Sep 2018 05:10:58 GMT" skipped="0">
  <testcase classname="runner.chekAPIutil" name="utilTest" time="1.630"/>
</testsuite> <!-- runner.chekAPIutil -->
