<?xml version="1.0" encoding="UTF-8"?>
<!-- Generated by org.testng.reporters.JUnitReportReporter -->
<testsuite hostname="admins-MBP" failures="0" tests="4" name="runner.API_Test" time="0.050" errors="0" timestamp="19 Sep 2018 04:20:19 GMT" skipped="3">
  <testcase classname="runner.API_Test" name="JsonConvert" time="0.050"/>
  <testcase classname="runner.API_Test" name="postProfileService">
    <skipped/>
  </testcase> <!-- postProfileService -->
  <testcase classname="runner.API_Test" name="getProfileService">
    <skipped/>
  </testcase> <!-- getProfileService -->
  <testcase classname="runner.API_Test" name="postRequest">
    <skipped/>
  </testcase> <!-- postRequest -->
</testsuite> <!-- runner.API_Test -->
