<?xml version="1.0" encoding="UTF-8"?>
<!-- Generated by org.testng.reporters.JUnitReportReporter -->
<testsuite hostname="admins-MBP" failures="0" tests="1" name="utilities.ExcelReader" time="16.048" errors="0" timestamp="18 Sep 2018 23:32:55 GMT" skipped="0">
  <testcase classname="utilities.ExcelReader" name="salaryCalculation" time="16.048"/>
</testsuite> <!-- utilities.ExcelReader -->
