<?xml version="1.0" encoding="UTF-8"?>
<!-- Generated by org.testng.reporters.JUnitReportReporter -->
<testsuite hostname="admins-MBP" failures="0" tests="1" name="runner.CukesRunner" time="6.772" errors="0" timestamp="21 Sep 2018 04:01:23 GMT" skipped="0">
  <testcase classname="runner.CukesRunner" name="runScenario" time="6.772"/>
</testsuite> <!-- runner.CukesRunner -->
