<?xml version="1.0" encoding="UTF-8"?>
<!-- Generated by org.testng.reporters.JUnitReportReporter -->
<testsuite hostname="admins-MBP" failures="0" tests="1" name="runner.CukesRunner" time="4.144" errors="0" timestamp="19 Sep 2018 03:51:42 GMT" skipped="0">
  <testcase classname="runner.CukesRunner" name="runScenario" time="4.144"/>
</testsuite> <!-- runner.CukesRunner -->
