<?xml version="1.0" encoding="UTF-8"?>
<!-- Generated by org.testng.reporters.JUnitReportReporter -->
<testsuite hostname="admins-MBP" failures="0" tests="3" name="runner.API_Test" time="1.547" errors="0" timestamp="19 Sep 2018 03:51:42 GMT" skipped="2">
  <testcase classname="runner.API_Test" name="getProfileService" time="1.547"/>
  <testcase classname="runner.API_Test" name="postProfileService">
    <skipped/>
  </testcase> <!-- postProfileService -->
  <testcase classname="runner.API_Test" name="JsonConvert">
    <skipped/>
  </testcase> <!-- JsonConvert -->
</testsuite> <!-- runner.API_Test -->
